<?xml version="1.0" encoding="UTF-8"?>
<!-- Generated by org.testng.reporters.JUnitXMLReporter -->
<testsuite name="Test" tests="6" failures="0" timestamp="27 Jul 2018 06:54:05 GMT" time="21.829" errors="0">
  <testcase name="launchBrowser" time="2.631" classname="Example.TestBase"/>
  <testcase name="to_test_url_is_opening_or_not" time="0.143" classname="Example.OpenWebsite"/>
  <testcase name="To_test_login_page_opening" time="2.331" classname="Example.OpenLoginPage"/>
  <testcase name="To_test_connection" time="7.318" classname="Example.TestConnectionCheck"/>
  <testcase name="to_test_login_with_valid_credentials" time="4.706" classname="Example.LoginWithValidCredentials"/>
  <testcase name="to_test_login_with_invalid_credentials" time="4.672" classname="Example.LoginWithInvalidCredentials"/>
</testsuite> <!-- Test -->
